WARNING: Could not find a checkpoint-every-N-epochs flag in mace_run_train --help.
============================================================
SLURM_JOB_ID=359751  TASK=2
LOCAL_RUN_DIR=/tmp/sophiageng/slurm_359751/359751_2_cutoff_poly_over_rn
FINAL_RUN_DIR=/h/400/sophiageng/mace_worktrees/jobs_cutoff/359751_2_cutoff_poly_over_rn
CODE_DIR=/h/400/sophiageng/mace_worktrees/cutoff
RUN NAME=cutoff_poly_over_rn
MACE_CUTOFF_KIND=poly_over_rn
MACE_CUTOFF_ENV_N=2
MACE_CUTOFF_ENV_EPS=1e-3
MACE_CHECKPOINT_DIR=/tmp/sophiageng/slurm_359751/359751_2_cutoff_poly_over_rn/checkpoints
SAVE_EVERY_FLAG=<none-found>
CPUS=4  MEM=16384
============================================================
cuequivariance or cuequivariance_torch is not available. Cuequivariance acceleration will be disabled.
PWD                  = /tmp/sophiageng/slurm_359751/359751_2_cutoff_poly_over_rn
PYTHONPATH           = /h/400/sophiageng/mace_worktrees/cutoff:
mace from            = /h/400/sophiageng/mace_worktrees/cutoff/mace/__init__.py
model_script_utils   = /h/400/sophiageng/mace_worktrees/cutoff/mace/tools/model_script_utils.py
ENV cutoff kind      = poly_over_rn
ENV env_n            = 2
ENV env_eps          = 1e-3
MACE_CHECKPOINT_DIR  = /tmp/sophiageng/slurm_359751/359751_2_cutoff_poly_over_rn/checkpoints
cuequivariance or cuequivariance_torch is not available. Cuequivariance acceleration will be disabled.
2026-02-17 15:11:19.178 INFO: ===========VERIFYING SETTINGS===========
2026-02-17 15:11:19.178 INFO: MACE version: 0.3.15
2026-02-17 15:11:19.178 INFO: Using CPU
2026-02-17 15:11:19.388 INFO: ===========LOADING INPUT DATA===========
2026-02-17 15:11:19.389 INFO: Using heads: ['Default']
2026-02-17 15:11:19.389 INFO: Using the key specifications to parse data:
2026-02-17 15:11:19.389 INFO: Default: KeySpecification(info_keys={'energy': 'REF_energy', 'stress': 'REF_stress', 'virials': 'REF_virials', 'dipole': 'dipole', 'head': 'head', 'elec_temp': 'elec_temp', 'total_charge': 'total_charge', 'polarizability': 'polarizability', 'total_spin': 'total_spin'}, arrays_keys={'forces': 'REF_forces', 'charges': 'REF_charges'})
2026-02-17 15:11:19.389 INFO: =============    Processing head Default     ===========
2026-02-17 15:11:19.451 INFO: Training set 1/1 [energy: 100, stress: 0, virials: 0, dipole components: 0, head: 100, elec_temp: 0, total_charge: 0, polarizability: 0, total_spin: 0, forces: 100, charges: 0]
2026-02-17 15:11:19.451 INFO: Total Training set [energy: 100, stress: 0, virials: 0, dipole components: 0, head: 100, elec_temp: 0, total_charge: 0, polarizability: 0, total_spin: 0, forces: 100, charges: 0]
2026-02-17 15:11:19.502 INFO: Validation set 1/1 [energy: 100, stress: 0, virials: 0, dipole components: 0, head: 100, elec_temp: 0, total_charge: 0, polarizability: 0, total_spin: 0, forces: 100, charges: 0]
2026-02-17 15:11:19.503 INFO: Total Validation set [energy: 100, stress: 0, virials: 0, dipole components: 0, head: 100, elec_temp: 0, total_charge: 0, polarizability: 0, total_spin: 0, forces: 100, charges: 0]
2026-02-17 15:11:19.553 INFO: Test set 1/1 [energy: 100, stress: 0, virials: 0, dipole components: 0, head: 100, elec_temp: 0, total_charge: 0, polarizability: 0, total_spin: 0, forces: 100, charges: 0]
2026-02-17 15:11:19.554 INFO: Total Test set [energy: 100, stress: 0, virials: 0, dipole components: 0, head: 100, elec_temp: 0, total_charge: 0, polarizability: 0, total_spin: 0, forces: 100, charges: 0]
2026-02-17 15:11:19.554 INFO: Total number of configurations: train=100, valid=100, tests=[Default_Default: 100],
2026-02-17 15:11:19.555 INFO: Atomic Numbers used: [np.int64(1), np.int64(5), np.int64(6), np.int64(7), np.int64(8), np.int64(9), np.int64(12), np.int64(14), np.int64(15), np.int64(16), np.int64(17), np.int64(22), np.int64(23), np.int64(24), np.int64(27), np.int64(29), np.int64(32), np.int64(34), np.int64(35), np.int64(37), np.int64(43), np.int64(44), np.int64(49), np.int64(52), np.int64(53), np.int64(62), np.int64(73), np.int64(76), np.int64(77), np.int64(81)]
2026-02-17 15:11:19.555 INFO: Isolated Atomic Energies (E0s) not in training file, using command line argument
2026-02-17 15:11:19.555 INFO: Loading atomic energies from /h/400/sophiageng/mace/data/overfit100_E0zeros.json
2026-02-17 15:11:19.556 INFO: Atomic Energies used (z: eV) for head Default: {1: 0.0, 5: 0.0, 6: 0.0, 7: 0.0, 8: 0.0, 9: 0.0, 12: 0.0, 14: 0.0, 15: 0.0, 16: 0.0, 17: 0.0, 22: 0.0, 23: 0.0, 24: 0.0, 27: 0.0, 29: 0.0, 32: 0.0, 34: 0.0, 35: 0.0, 37: 0.0, 43: 0.0, 44: 0.0, 49: 0.0, 52: 0.0, 53: 0.0, 62: 0.0, 73: 0.0, 76: 0.0, 77: 0.0, 81: 0.0}
2026-02-17 15:11:19.556 INFO: Processing datasets for head 'Default'
2026-02-17 15:11:19.661 INFO: Combining 1 list datasets for head 'Default'
2026-02-17 15:11:19.748 INFO: Combining 1 list datasets for head 'Default_valid'
2026-02-17 15:11:19.748 INFO: Combined validation datasets for Default
2026-02-17 15:11:19.748 INFO: Head 'Default' training dataset size: 100
2026-02-17 15:11:19.749 INFO: Computing average number of neighbors
2026-02-17 15:11:19.776 INFO: Average number of neighbors: 23.608067106907015
2026-02-17 15:11:19.776 INFO: During training the following quantities will be reported: energy, forces
2026-02-17 15:11:19.776 INFO: ===========MODEL DETAILS===========
2026-02-17 15:11:19.776 INFO: Cutoff from env: kind=poly_over_rn, env_n=2, env_eps=0.001
2026-02-17 15:11:19.798 INFO: Building model
2026-02-17 15:11:19.798 INFO: Message passing with 128 channels and max_L=1 (128x0e + 128x1o)
2026-02-17 15:11:19.798 INFO: 2 layers, each with correlation order: 3 (body order: 4) and spherical harmonics up to: l=3
2026-02-17 15:11:19.798 INFO: 8 radial and 5 basis functions
2026-02-17 15:11:19.799 INFO: Radial cutoff: 5.0 A (total receptive field for each atom: 10.0 A)
2026-02-17 15:11:19.799 INFO: Distance transform for radial basis functions: None
2026-02-17 15:11:19.799 INFO: Hidden irreps: 128x0e + 128x1o
2026-02-17 15:11:19.848 INFO: RadialEmbeddingBlock(radial_type=bessel, num_bessel=8, r_max=5.0, distance_transform=None, apply_cutoff=True, bessel_use_cosine=False, cutoff_kind=poly_over_rn, cutoff_env_n=2, cutoff_env_eps=0.001)
[BesselBasis __init__] mode=sine (id=0)
2026-02-17 15:11:21.049 INFO: ===========OPTIMIZER INFORMATION===========
2026-02-17 15:11:21.049 INFO: Using ADAM as parameter optimizer
2026-02-17 15:11:21.049 INFO: Batch size: 10
2026-02-17 15:11:21.049 INFO: Number of gradient updates: 2000
2026-02-17 15:11:21.049 INFO: Learning rate: 0.01, weight decay: 5e-07
2026-02-17 15:11:21.049 INFO: WeightedEnergyForcesLoss(energy_weight=1.000, forces_weight=100.000)
2026-02-17 15:11:21.050 INFO: === Layer's learning rates ===
2026-02-17 15:11:21.050 INFO: Param group 0: lr = 0.01
2026-02-17 15:11:21.050 INFO: Param group 1: lr = 0.01
2026-02-17 15:11:21.050 INFO: Param group 2: lr = 0.01
2026-02-17 15:11:21.050 INFO: Param group 3: lr = 0.01
2026-02-17 15:11:21.050 INFO: Param group 4: lr = 0.01
2026-02-17 15:11:21.050 INFO: Using gradient clipping with tolerance=10.000
2026-02-17 15:11:21.050 INFO: 
2026-02-17 15:11:21.050 INFO: ===========TRAINING===========
2026-02-17 15:11:21.050 INFO: Started training, reporting errors on validation set
2026-02-17 15:11:21.050 INFO: Loss metrics on validation set
2026-02-17 15:12:09.622 INFO: Initial: head: Default, loss=5679313311300665377204272156149645417606634237233278384807431229201455887058504583983705890461281798030270865541693440.00000000, RMSE_E_per_atom=13310167173182172285997588195047341758234389537157101387776.00 meV, RMSE_F=22553396938418255246929873135494243235114706103022172434857984.00 meV / A
2026-02-17 15:14:55.895 INFO: Epoch 0: head: Default, loss=1505755131963959748881909102338885231477776483377783988214823797631609852681445549754096378995393631188645169856512.00000000, RMSE_E_per_atom=186820657091277887165796448350450026351044772949653454848.00 meV, RMSE_F=367232598440039052613274204742930518844065674692652051726336.00 meV / A
2026-02-17 15:17:44.411 INFO: Epoch 1: head: Default, loss=61007769606737210017231792819439219285394272838802201995933088511564046876438712534981228829902358183936.00000000, RMSE_E_per_atom=1578178270453660068938867422074924646387122815631360.00 meV, RMSE_F=2337526931110220312847584892109725325091718163685441536.00 meV / A
2026-02-17 15:20:33.401 INFO: Epoch 2: head: Default, loss=76568654109936170673033132739655760229037071573134997070206529206606989115379736476157934837570732032.00000000, RMSE_E_per_atom=27355016037706206944606744882326934396037041750016.00 meV, RMSE_F=82811291258913194418190997085946878141260571328118784.00 meV / A
2026-02-17 15:23:21.189 INFO: Epoch 3: head: Default, loss=135370461337847607293552801033303390341483765739586547489812443255951421774753765643144658944.00000000, RMSE_E_per_atom=1131437583736265187216704843493059608499453952.00 meV, RMSE_F=3481977852316221547898787935800164552705298137088.00 meV / A
2026-02-17 15:26:06.650 INFO: Epoch 4: head: Default, loss=38452499695440408810089418531311380109672892344331678796660749287890616320.00000000, RMSE_E_per_atom=353608402670133179369204887586865152.00 meV, RMSE_F=1855779353792224350270338334314477912064.00 meV / A
2026-02-17 15:28:55.277 INFO: Epoch 5: head: Default, loss=24420993798898210372157795073872376102912.00000000, RMSE_E_per_atom=42639498461002989568.00 meV, RMSE_F=53947774054321711218688.00 meV / A
2026-02-17 15:31:40.377 INFO: Epoch 6: head: Default, loss=1032519122326596053654766092288.00000000, RMSE_E_per_atom=235669784958287.03 meV, RMSE_F=350791832527418560.00 meV / A
2026-02-17 15:34:31.655 INFO: Epoch 7: head: Default, loss=92594391703758471168.00000000, RMSE_E_per_atom=756458308.23 meV, RMSE_F=3321947478672.34 meV / A
2026-02-17 15:37:17.346 INFO: Epoch 8: head: Default, loss=23.68438590, RMSE_E_per_atom=  246.39 meV, RMSE_F= 1581.59 meV / A
2026-02-17 15:40:08.703 INFO: Epoch 9: head: Default, loss=925920952517.21728516, RMSE_E_per_atom=118401.76 meV, RMSE_F=332190630.05 meV / A
2026-02-17 15:42:59.177 INFO: Epoch 10: head: Default, loss=21.62964939, RMSE_E_per_atom=  253.14 meV, RMSE_F= 1510.51 meV / A
2026-02-17 15:45:54.563 INFO: Epoch 11: head: Default, loss=21.78034163, RMSE_E_per_atom=  249.80 meV, RMSE_F= 1515.54 meV / A
2026-02-17 15:48:44.848 INFO: Epoch 12: head: Default, loss=21.43728063, RMSE_E_per_atom=  254.36 meV, RMSE_F= 1502.60 meV / A
2026-02-17 15:51:36.592 INFO: Epoch 13: head: Default, loss=21.44759723, RMSE_E_per_atom=  257.87 meV, RMSE_F= 1502.26 meV / A
2026-02-17 15:54:24.534 INFO: Epoch 14: head: Default, loss=88148.78163892, RMSE_E_per_atom=  504.55 meV, RMSE_F=106795.49 meV / A
2026-02-17 15:57:14.160 INFO: Epoch 15: head: Default, loss=21.46740694, RMSE_E_per_atom=  245.92 meV, RMSE_F= 1504.03 meV / A
2026-02-17 16:00:04.083 INFO: Epoch 16: head: Default, loss=20.85523940, RMSE_E_per_atom=  250.09 meV, RMSE_F= 1483.15 meV / A
2026-02-17 16:02:49.012 INFO: Epoch 17: head: Default, loss=20.72515008, RMSE_E_per_atom=  248.56 meV, RMSE_F= 1479.08 meV / A
2026-02-17 16:05:35.001 INFO: Epoch 18: head: Default, loss=20.03579243, RMSE_E_per_atom=  249.13 meV, RMSE_F= 1451.93 meV / A
2026-02-17 16:08:17.516 INFO: Epoch 19: head: Default, loss=20.94416487, RMSE_E_per_atom=  248.82 meV, RMSE_F= 1484.95 meV / A
2026-02-17 16:11:04.605 INFO: Epoch 20: head: Default, loss=19.70275038, RMSE_E_per_atom=  250.66 meV, RMSE_F= 1441.26 meV / A
2026-02-17 16:13:45.725 INFO: Epoch 21: head: Default, loss=19.95102813, RMSE_E_per_atom=  252.31 meV, RMSE_F= 1448.97 meV / A
2026-02-17 16:16:38.564 INFO: Epoch 22: head: Default, loss=19.72093958, RMSE_E_per_atom=  255.93 meV, RMSE_F= 1441.60 meV / A
2026-02-17 16:19:27.871 INFO: Epoch 23: head: Default, loss=4405.98370286, RMSE_E_per_atom=  311.61 meV, RMSE_F=22535.69 meV / A
2026-02-17 16:22:16.973 INFO: Epoch 24: head: Default, loss=18.73337215, RMSE_E_per_atom=  249.73 meV, RMSE_F= 1403.36 meV / A
2026-02-17 16:25:00.106 INFO: Epoch 25: head: Default, loss=16.89166640, RMSE_E_per_atom=  260.96 meV, RMSE_F= 1331.90 meV / A
2026-02-17 16:27:48.419 INFO: Epoch 26: head: Default, loss=17.41745125, RMSE_E_per_atom=  256.83 meV, RMSE_F= 1353.31 meV / A
2026-02-17 16:30:35.161 INFO: Epoch 27: head: Default, loss=17.15555343, RMSE_E_per_atom=  257.35 meV, RMSE_F= 1341.10 meV / A
2026-02-17 16:33:18.526 INFO: Epoch 28: head: Default, loss=16.28525851, RMSE_E_per_atom=  261.35 meV, RMSE_F= 1306.96 meV / A
2026-02-17 16:36:05.034 INFO: Epoch 29: head: Default, loss=16.54012823, RMSE_E_per_atom=  260.61 meV, RMSE_F= 1321.40 meV / A
2026-02-17 16:38:49.906 INFO: Epoch 30: head: Default, loss=16.13434167, RMSE_E_per_atom=  266.70 meV, RMSE_F= 1302.73 meV / A
2026-02-17 16:41:34.899 INFO: Epoch 31: head: Default, loss=18.05443325, RMSE_E_per_atom=  266.89 meV, RMSE_F= 1370.34 meV / A
2026-02-17 16:44:21.280 INFO: Epoch 32: head: Default, loss=15.68542386, RMSE_E_per_atom=  263.01 meV, RMSE_F= 1284.43 meV / A
2026-02-17 16:47:11.941 INFO: Epoch 33: head: Default, loss=19.03735341, RMSE_E_per_atom=  262.57 meV, RMSE_F= 1409.91 meV / A
2026-02-17 16:50:01.711 INFO: Epoch 34: head: Default, loss=15.09200232, RMSE_E_per_atom=  268.11 meV, RMSE_F= 1259.61 meV / A
2026-02-17 16:52:49.141 INFO: Epoch 35: head: Default, loss=14.32364028, RMSE_E_per_atom=  263.26 meV, RMSE_F= 1225.00 meV / A
2026-02-17 16:55:37.758 INFO: Epoch 36: head: Default, loss=14.08902212, RMSE_E_per_atom=  265.08 meV, RMSE_F= 1215.65 meV / A
2026-02-17 16:58:23.077 INFO: Epoch 37: head: Default, loss=13.70720479, RMSE_E_per_atom=  268.18 meV, RMSE_F= 1199.55 meV / A
2026-02-17 17:01:08.496 INFO: Epoch 38: head: Default, loss=13.29721093, RMSE_E_per_atom=  265.64 meV, RMSE_F= 1181.09 meV / A
2026-02-17 17:03:58.772 INFO: Epoch 39: head: Default, loss=14.49771673, RMSE_E_per_atom=  277.66 meV, RMSE_F= 1234.40 meV / A
2026-02-17 17:06:49.273 INFO: Epoch 40: head: Default, loss=14.54628287, RMSE_E_per_atom=  265.63 meV, RMSE_F= 1238.54 meV / A
2026-02-17 17:09:36.717 INFO: Epoch 41: head: Default, loss=12.02591706, RMSE_E_per_atom=  267.61 meV, RMSE_F= 1120.73 meV / A
2026-02-17 17:12:26.983 INFO: Epoch 42: head: Default, loss=12.16726717, RMSE_E_per_atom=  262.36 meV, RMSE_F= 1128.08 meV / A
2026-02-17 17:15:08.740 INFO: Epoch 43: head: Default, loss=11.54024673, RMSE_E_per_atom=  259.48 meV, RMSE_F= 1101.05 meV / A
2026-02-17 17:17:51.246 INFO: Epoch 44: head: Default, loss=10.76240425, RMSE_E_per_atom=  256.85 meV, RMSE_F= 1063.37 meV / A
2026-02-17 17:20:38.550 INFO: Epoch 45: head: Default, loss=11.17154870, RMSE_E_per_atom=  266.36 meV, RMSE_F= 1080.30 meV / A
2026-02-17 17:23:27.434 INFO: Epoch 46: head: Default, loss=10.53822380, RMSE_E_per_atom=  258.25 meV, RMSE_F= 1052.26 meV / A
2026-02-17 17:26:17.818 INFO: Epoch 47: head: Default, loss=9.88551771, RMSE_E_per_atom=  259.76 meV, RMSE_F= 1012.22 meV / A
2026-02-17 17:29:08.579 INFO: Epoch 48: head: Default, loss=10.22961823, RMSE_E_per_atom=  258.91 meV, RMSE_F= 1037.31 meV / A
2026-02-17 17:31:56.424 INFO: Epoch 49: head: Default, loss=9.98478917, RMSE_E_per_atom=  270.23 meV, RMSE_F= 1025.14 meV / A
2026-02-17 17:34:41.177 INFO: Epoch 50: head: Default, loss=12.38242653, RMSE_E_per_atom=  252.97 meV, RMSE_F= 1142.01 meV / A
2026-02-17 17:37:27.157 INFO: Epoch 51: head: Default, loss=27.32645338, RMSE_E_per_atom=  253.51 meV, RMSE_F= 1662.47 meV / A
2026-02-17 17:40:17.405 INFO: Epoch 52: head: Default, loss=10.25563123, RMSE_E_per_atom=  259.51 meV, RMSE_F= 1034.34 meV / A
2026-02-17 17:42:58.725 INFO: Epoch 53: head: Default, loss=8.61126069, RMSE_E_per_atom=  267.21 meV, RMSE_F=  946.70 meV / A
2026-02-17 17:45:41.619 INFO: Epoch 54: head: Default, loss=9.04370919, RMSE_E_per_atom=  257.89 meV, RMSE_F=  965.43 meV / A
2026-02-17 17:48:27.508 INFO: Epoch 55: head: Default, loss=10.13014470, RMSE_E_per_atom=  261.15 meV, RMSE_F= 1028.26 meV / A
2026-02-17 17:51:09.549 INFO: Epoch 56: head: Default, loss=8.61503724, RMSE_E_per_atom=  262.62 meV, RMSE_F=  945.90 meV / A
2026-02-17 17:53:50.084 INFO: Epoch 57: head: Default, loss=8.97703650, RMSE_E_per_atom=  263.86 meV, RMSE_F=  964.37 meV / A
2026-02-17 17:56:25.583 INFO: Epoch 58: head: Default, loss=8.76955160, RMSE_E_per_atom=  257.32 meV, RMSE_F=  948.49 meV / A
2026-02-17 17:59:15.402 INFO: Epoch 59: head: Default, loss=8.31288297, RMSE_E_per_atom=  259.09 meV, RMSE_F=  928.89 meV / A
2026-02-17 18:02:02.659 INFO: Epoch 60: head: Default, loss=8.45537343, RMSE_E_per_atom=  261.15 meV, RMSE_F=  930.19 meV / A
2026-02-17 18:04:55.342 INFO: Epoch 61: head: Default, loss=7.65796303, RMSE_E_per_atom=  254.84 meV, RMSE_F=  885.34 meV / A
2026-02-17 18:07:33.412 INFO: Epoch 62: head: Default, loss=7.38793502, RMSE_E_per_atom=  261.35 meV, RMSE_F=  872.20 meV / A
2026-02-17 18:10:22.802 INFO: Epoch 63: head: Default, loss=8.77124815, RMSE_E_per_atom=  262.16 meV, RMSE_F=  952.25 meV / A
2026-02-17 18:13:08.083 INFO: Epoch 64: head: Default, loss=7.64008892, RMSE_E_per_atom=  259.16 meV, RMSE_F=  890.17 meV / A
2026-02-17 18:15:48.359 INFO: Epoch 65: head: Default, loss=8.33815483, RMSE_E_per_atom=  259.30 meV, RMSE_F=  937.07 meV / A
2026-02-17 18:18:32.233 INFO: Epoch 66: head: Default, loss=6.57339778, RMSE_E_per_atom=  256.52 meV, RMSE_F=  823.66 meV / A
2026-02-17 18:21:20.928 INFO: Epoch 67: head: Default, loss=6.52732422, RMSE_E_per_atom=  261.54 meV, RMSE_F=  822.03 meV / A
2026-02-17 18:24:09.946 INFO: Epoch 68: head: Default, loss=7.18827951, RMSE_E_per_atom=  258.96 meV, RMSE_F=  858.17 meV / A
2026-02-17 18:26:55.239 INFO: Epoch 69: head: Default, loss=7.97400519, RMSE_E_per_atom=  259.14 meV, RMSE_F=  909.77 meV / A
2026-02-17 18:29:45.780 INFO: Epoch 70: head: Default, loss=7.97220543, RMSE_E_per_atom=  263.56 meV, RMSE_F=  911.33 meV / A
2026-02-17 18:32:34.791 INFO: Epoch 71: head: Default, loss=6.92758130, RMSE_E_per_atom=  258.11 meV, RMSE_F=  845.68 meV / A
2026-02-17 18:35:18.210 INFO: Epoch 72: head: Default, loss=7.13090047, RMSE_E_per_atom=  252.71 meV, RMSE_F=  853.41 meV / A
2026-02-17 18:37:58.441 INFO: Epoch 73: head: Default, loss=6.14805866, RMSE_E_per_atom=  253.62 meV, RMSE_F=  792.96 meV / A
2026-02-17 18:40:45.475 INFO: Epoch 74: head: Default, loss=6.38450039, RMSE_E_per_atom=  254.75 meV, RMSE_F=  809.97 meV / A
2026-02-17 18:43:30.880 INFO: Epoch 75: head: Default, loss=5.77223579, RMSE_E_per_atom=  260.06 meV, RMSE_F=  772.05 meV / A
2026-02-17 18:46:11.367 INFO: Epoch 76: head: Default, loss=5.46505321, RMSE_E_per_atom=  257.27 meV, RMSE_F=  746.81 meV / A
2026-02-17 18:48:50.127 INFO: Epoch 77: head: Default, loss=1202737429120.55468750, RMSE_E_per_atom= 6443.88 meV, RMSE_F=378604556.14 meV / A
2026-02-17 18:51:36.025 INFO: Epoch 78: head: Default, loss=5.40176572, RMSE_E_per_atom=  260.44 meV, RMSE_F=  750.65 meV / A
2026-02-17 18:54:20.387 INFO: Epoch 79: head: Default, loss=7.92431759, RMSE_E_per_atom=  255.77 meV, RMSE_F=  892.67 meV / A
2026-02-17 18:57:07.095 INFO: Epoch 80: head: Default, loss=5.06122239, RMSE_E_per_atom=  261.25 meV, RMSE_F=  720.19 meV / A
2026-02-17 18:59:55.312 INFO: Epoch 81: head: Default, loss=5.94087602, RMSE_E_per_atom=  258.92 meV, RMSE_F=  779.37 meV / A
2026-02-17 19:02:38.449 INFO: Epoch 82: head: Default, loss=4.51427044, RMSE_E_per_atom=  257.79 meV, RMSE_F=  679.35 meV / A
2026-02-17 19:05:20.512 INFO: Epoch 83: head: Default, loss=5.05188194, RMSE_E_per_atom=  254.02 meV, RMSE_F=  721.45 meV / A
2026-02-17 19:07:54.640 INFO: Epoch 84: head: Default, loss=4.47874614, RMSE_E_per_atom=  257.27 meV, RMSE_F=  681.28 meV / A
2026-02-17 19:10:37.574 INFO: Epoch 85: head: Default, loss=6.37625890, RMSE_E_per_atom=  262.19 meV, RMSE_F=  802.94 meV / A
2026-02-17 19:13:20.199 INFO: Epoch 86: head: Default, loss=4.39417255, RMSE_E_per_atom=  255.62 meV, RMSE_F=  667.25 meV / A
2026-02-17 19:16:05.482 INFO: Epoch 87: head: Default, loss=6.58872912, RMSE_E_per_atom=  256.69 meV, RMSE_F=  818.59 meV / A
2026-02-17 19:18:53.031 INFO: Epoch 88: head: Default, loss=4.85120102, RMSE_E_per_atom=  254.66 meV, RMSE_F=  706.15 meV / A
2026-02-17 19:21:41.876 INFO: Epoch 89: head: Default, loss=4.30142119, RMSE_E_per_atom=  260.65 meV, RMSE_F=  667.48 meV / A
2026-02-17 19:24:29.712 INFO: Epoch 90: head: Default, loss=5.20281611, RMSE_E_per_atom=  259.08 meV, RMSE_F=  732.87 meV / A
2026-02-17 19:27:13.772 INFO: Epoch 91: head: Default, loss=4.46396905, RMSE_E_per_atom=  253.99 meV, RMSE_F=  683.05 meV / A
2026-02-17 19:29:58.396 INFO: Epoch 92: head: Default, loss=5.02579027, RMSE_E_per_atom=  257.14 meV, RMSE_F=  722.37 meV / A
2026-02-17 19:32:48.409 INFO: Epoch 93: head: Default, loss=4.07721471, RMSE_E_per_atom=  254.96 meV, RMSE_F=  644.55 meV / A
2026-02-17 19:35:37.893 INFO: Epoch 94: head: Default, loss=3.93704240, RMSE_E_per_atom=  253.66 meV, RMSE_F=  634.14 meV / A
2026-02-17 19:38:15.832 INFO: Epoch 95: head: Default, loss=4.41669555, RMSE_E_per_atom=  251.78 meV, RMSE_F=  675.39 meV / A
2026-02-17 19:40:56.645 INFO: Epoch 96: head: Default, loss=3.68845284, RMSE_E_per_atom=  256.03 meV, RMSE_F=  612.78 meV / A
2026-02-17 19:43:40.963 INFO: Epoch 97: head: Default, loss=4.45728944, RMSE_E_per_atom=  258.38 meV, RMSE_F=  681.43 meV / A
2026-02-17 19:46:28.199 INFO: Epoch 98: head: Default, loss=51017.28703388, RMSE_E_per_atom=  255.72 meV, RMSE_F=77975.24 meV / A
2026-02-17 19:49:10.502 INFO: Epoch 99: head: Default, loss=4.39951254, RMSE_E_per_atom=  258.34 meV, RMSE_F=  676.78 meV / A
2026-02-17 19:51:58.213 INFO: Epoch 100: head: Default, loss=4.72699451, RMSE_E_per_atom=  255.54 meV, RMSE_F=  697.85 meV / A
2026-02-17 19:54:45.341 INFO: Epoch 101: head: Default, loss=4.41121481, RMSE_E_per_atom=  260.63 meV, RMSE_F=  668.79 meV / A
2026-02-17 19:57:33.683 INFO: Epoch 102: head: Default, loss=4.36810193, RMSE_E_per_atom=  256.24 meV, RMSE_F=  668.60 meV / A
2026-02-17 20:00:23.940 INFO: Epoch 103: head: Default, loss=4.71140113, RMSE_E_per_atom=  253.89 meV, RMSE_F=  690.07 meV / A
2026-02-17 20:03:07.484 INFO: Epoch 104: head: Default, loss=3.94895842, RMSE_E_per_atom=  256.25 meV, RMSE_F=  639.22 meV / A
2026-02-17 20:05:48.118 INFO: Epoch 105: head: Default, loss=17.61976896, RMSE_E_per_atom=  255.35 meV, RMSE_F= 1327.23 meV / A
2026-02-17 20:08:36.165 INFO: Epoch 106: head: Default, loss=3.93919659, RMSE_E_per_atom=  258.67 meV, RMSE_F=  638.25 meV / A
2026-02-17 20:11:22.018 INFO: Epoch 107: head: Default, loss=3.33403744, RMSE_E_per_atom=  257.49 meV, RMSE_F=  584.18 meV / A
2026-02-17 20:14:13.956 INFO: Epoch 108: head: Default, loss=3.63158787, RMSE_E_per_atom=  260.08 meV, RMSE_F=  613.95 meV / A
2026-02-17 20:17:02.049 INFO: Epoch 109: head: Default, loss=3.58138131, RMSE_E_per_atom=  257.33 meV, RMSE_F=  609.44 meV / A
2026-02-17 20:19:45.481 INFO: Epoch 110: head: Default, loss=5.55568939, RMSE_E_per_atom=  259.32 meV, RMSE_F=  753.38 meV / A
2026-02-17 20:22:27.649 INFO: Epoch 111: head: Default, loss=4.19687083, RMSE_E_per_atom=  261.58 meV, RMSE_F=  653.31 meV / A
2026-02-17 20:25:12.579 INFO: Epoch 112: head: Default, loss=3.10555837, RMSE_E_per_atom=  255.54 meV, RMSE_F=  565.97 meV / A
2026-02-17 20:27:53.327 INFO: Epoch 113: head: Default, loss=3.43007185, RMSE_E_per_atom=  255.21 meV, RMSE_F=  599.36 meV / A
2026-02-17 20:30:33.554 INFO: Epoch 114: head: Default, loss=3.40273868, RMSE_E_per_atom=  258.35 meV, RMSE_F=  589.85 meV / A
2026-02-17 20:33:22.914 INFO: Epoch 115: head: Default, loss=3.42569934, RMSE_E_per_atom=  250.44 meV, RMSE_F=  594.62 meV / A
2026-02-17 20:36:15.417 INFO: Epoch 116: head: Default, loss=2.99350814, RMSE_E_per_atom=  257.51 meV, RMSE_F=  553.03 meV / A
2026-02-17 20:38:58.352 INFO: Epoch 117: head: Default, loss=4.63794530, RMSE_E_per_atom=  251.68 meV, RMSE_F=  686.56 meV / A
2026-02-17 20:41:47.891 INFO: Epoch 118: head: Default, loss=4.10599031, RMSE_E_per_atom=  252.99 meV, RMSE_F=  647.11 meV / A
2026-02-17 20:44:30.195 INFO: Epoch 119: head: Default, loss=3.23561032, RMSE_E_per_atom=  257.86 meV, RMSE_F=  581.70 meV / A
2026-02-17 20:47:11.744 INFO: Epoch 120: head: Default, loss=2.84282087, RMSE_E_per_atom=  250.60 meV, RMSE_F=  535.90 meV / A
2026-02-17 20:49:53.020 INFO: Epoch 121: head: Default, loss=2.48148169, RMSE_E_per_atom=  251.25 meV, RMSE_F=  501.39 meV / A
2026-02-17 20:52:32.888 INFO: Epoch 122: head: Default, loss=3.03916238, RMSE_E_per_atom=  250.23 meV, RMSE_F=  558.97 meV / A
2026-02-17 20:55:13.864 INFO: Epoch 123: head: Default, loss=3.54943015, RMSE_E_per_atom=  252.79 meV, RMSE_F=  601.61 meV / A
2026-02-17 20:57:54.669 INFO: Epoch 124: head: Default, loss=2.82077769, RMSE_E_per_atom=  253.98 meV, RMSE_F=  535.47 meV / A
2026-02-17 21:00:27.472 INFO: Epoch 125: head: Default, loss=2.49559187, RMSE_E_per_atom=  252.57 meV, RMSE_F=  505.61 meV / A
2026-02-17 21:03:16.699 INFO: Epoch 126: head: Default, loss=2.76421397, RMSE_E_per_atom=  251.49 meV, RMSE_F=  534.32 meV / A
2026-02-17 21:06:04.222 INFO: Epoch 127: head: Default, loss=3.41309210, RMSE_E_per_atom=  249.71 meV, RMSE_F=  586.83 meV / A
2026-02-17 21:08:49.084 INFO: Epoch 128: head: Default, loss=2.98368335, RMSE_E_per_atom=  253.72 meV, RMSE_F=  555.30 meV / A
2026-02-17 21:11:34.964 INFO: Epoch 129: head: Default, loss=2.68991718, RMSE_E_per_atom=  254.87 meV, RMSE_F=  530.41 meV / A
2026-02-17 21:14:19.692 INFO: Epoch 130: head: Default, loss=2.73563955, RMSE_E_per_atom=  257.33 meV, RMSE_F=  535.72 meV / A
2026-02-17 21:17:06.105 INFO: Epoch 131: head: Default, loss=2.96947080, RMSE_E_per_atom=  252.82 meV, RMSE_F=  550.33 meV / A
2026-02-17 21:19:49.231 INFO: Epoch 132: head: Default, loss=2.46367658, RMSE_E_per_atom=  249.53 meV, RMSE_F=  499.42 meV / A
2026-02-17 21:22:40.581 INFO: Epoch 133: head: Default, loss=2.32564148, RMSE_E_per_atom=  250.58 meV, RMSE_F=  488.80 meV / A
2026-02-17 21:25:27.243 INFO: Epoch 134: head: Default, loss=2.21605213, RMSE_E_per_atom=  257.47 meV, RMSE_F=  476.38 meV / A
2026-02-17 21:28:14.800 INFO: Epoch 135: head: Default, loss=2.59039374, RMSE_E_per_atom=  253.19 meV, RMSE_F=  513.58 meV / A
2026-02-17 21:31:05.638 INFO: Epoch 136: head: Default, loss=2.04574325, RMSE_E_per_atom=  247.50 meV, RMSE_F=  459.74 meV / A
2026-02-17 21:33:50.102 INFO: Epoch 137: head: Default, loss=3.26538845, RMSE_E_per_atom=  253.62 meV, RMSE_F=  577.85 meV / A
2026-02-17 21:36:35.781 INFO: Epoch 138: head: Default, loss=2.62280915, RMSE_E_per_atom=  250.49 meV, RMSE_F=  516.25 meV / A
2026-02-17 21:39:28.130 INFO: Epoch 139: head: Default, loss=2.23707445, RMSE_E_per_atom=  252.17 meV, RMSE_F=  478.28 meV / A
2026-02-17 21:42:13.397 INFO: Epoch 140: head: Default, loss=2.54876181, RMSE_E_per_atom=  249.00 meV, RMSE_F=  511.04 meV / A
2026-02-17 21:44:58.880 INFO: Epoch 141: head: Default, loss=2.14310512, RMSE_E_per_atom=  253.37 meV, RMSE_F=  468.57 meV / A
2026-02-17 21:47:45.580 INFO: Epoch 142: head: Default, loss=2.11975215, RMSE_E_per_atom=  253.36 meV, RMSE_F=  465.85 meV / A
2026-02-17 21:50:32.033 INFO: Epoch 143: head: Default, loss=2.26591693, RMSE_E_per_atom=  251.19 meV, RMSE_F=  484.59 meV / A
2026-02-17 21:53:17.132 INFO: Epoch 144: head: Default, loss=4.11543789, RMSE_E_per_atom=  251.99 meV, RMSE_F=  644.63 meV / A
2026-02-17 21:56:04.378 INFO: Epoch 145: head: Default, loss=2.59307749, RMSE_E_per_atom=  248.41 meV, RMSE_F=  512.38 meV / A
2026-02-17 21:58:50.811 INFO: Epoch 146: head: Default, loss=2.45079617, RMSE_E_per_atom=  255.66 meV, RMSE_F=  504.62 meV / A
2026-02-17 22:01:37.855 INFO: Epoch 147: head: Default, loss=2.54360201, RMSE_E_per_atom=  267.33 meV, RMSE_F=  514.88 meV / A
2026-02-17 22:04:23.791 INFO: Epoch 148: head: Default, loss=2.34195136, RMSE_E_per_atom=  256.09 meV, RMSE_F=  488.92 meV / A
2026-02-17 22:07:14.203 INFO: Epoch 149: head: Default, loss=2.77411720, RMSE_E_per_atom=  256.69 meV, RMSE_F=  534.92 meV / A
2026-02-17 22:10:01.486 INFO: Epoch 150: head: Default, loss=2.92355801, RMSE_E_per_atom=  250.03 meV, RMSE_F=  545.96 meV / A
2026-02-17 22:12:47.821 INFO: Epoch 151: head: Default, loss=2.15850152, RMSE_E_per_atom=  255.68 meV, RMSE_F=  476.12 meV / A
2026-02-17 22:15:34.494 INFO: Epoch 152: head: Default, loss=3.41721651, RMSE_E_per_atom=  253.88 meV, RMSE_F=  594.49 meV / A
2026-02-17 22:18:21.727 INFO: Epoch 153: head: Default, loss=2.92031698, RMSE_E_per_atom=  254.73 meV, RMSE_F=  543.82 meV / A
2026-02-17 22:21:02.190 INFO: Epoch 154: head: Default, loss=2.50116403, RMSE_E_per_atom=  264.50 meV, RMSE_F=  510.36 meV / A
2026-02-17 22:23:43.492 INFO: Epoch 155: head: Default, loss=2.44028876, RMSE_E_per_atom=  254.49 meV, RMSE_F=  500.16 meV / A
2026-02-17 22:26:24.570 INFO: Epoch 156: head: Default, loss=1.95372636, RMSE_E_per_atom=  250.50 meV, RMSE_F=  445.88 meV / A
2026-02-17 22:29:10.239 INFO: Epoch 157: head: Default, loss=2.13356214, RMSE_E_per_atom=  250.62 meV, RMSE_F=  467.55 meV / A
2026-02-17 22:31:55.134 INFO: Epoch 158: head: Default, loss=1.88170862, RMSE_E_per_atom=  251.71 meV, RMSE_F=  438.86 meV / A
2026-02-17 22:34:44.177 INFO: Epoch 159: head: Default, loss=2.05994223, RMSE_E_per_atom=  252.31 meV, RMSE_F=  456.61 meV / A
2026-02-17 22:37:26.780 INFO: Epoch 160: head: Default, loss=2.25764451, RMSE_E_per_atom=  247.14 meV, RMSE_F=  481.96 meV / A
2026-02-17 22:40:13.735 INFO: Epoch 161: head: Default, loss=2.13975788, RMSE_E_per_atom=  248.29 meV, RMSE_F=  466.21 meV / A
2026-02-17 22:42:59.169 INFO: Epoch 162: head: Default, loss=2.28293385, RMSE_E_per_atom=  252.29 meV, RMSE_F=  482.28 meV / A
2026-02-17 22:45:44.793 INFO: Epoch 163: head: Default, loss=2.35692672, RMSE_E_per_atom=  252.75 meV, RMSE_F=  496.85 meV / A
2026-02-17 22:48:33.519 INFO: Epoch 164: head: Default, loss=2.21468254, RMSE_E_per_atom=  252.14 meV, RMSE_F=  478.81 meV / A
2026-02-17 22:51:24.287 INFO: Epoch 165: head: Default, loss=2.54289465, RMSE_E_per_atom=  253.27 meV, RMSE_F=  522.37 meV / A
2026-02-17 22:54:10.049 INFO: Epoch 166: head: Default, loss=3.83936109, RMSE_E_per_atom=  252.35 meV, RMSE_F=  632.34 meV / A
2026-02-17 22:56:55.376 INFO: Epoch 167: head: Default, loss=2.63709261, RMSE_E_per_atom=  254.28 meV, RMSE_F=  520.80 meV / A
2026-02-17 22:59:40.476 INFO: Epoch 168: head: Default, loss=2.05305735, RMSE_E_per_atom=  253.11 meV, RMSE_F=  456.52 meV / A
2026-02-17 23:02:26.414 INFO: Epoch 169: head: Default, loss=63678660820852174856650752.00000000, RMSE_E_per_atom=742494291887.01 meV, RMSE_F=2675342734674556.50 meV / A
2026-02-17 23:05:11.095 INFO: Epoch 170: head: Default, loss=2.31676693, RMSE_E_per_atom=  250.61 meV, RMSE_F=  489.92 meV / A
2026-02-17 23:07:53.731 INFO: Epoch 171: head: Default, loss=2.25726748, RMSE_E_per_atom=  253.98 meV, RMSE_F=  481.78 meV / A
2026-02-17 23:10:38.073 INFO: Epoch 172: head: Default, loss=3.67000025, RMSE_E_per_atom=  248.69 meV, RMSE_F=  609.63 meV / A
2026-02-17 23:13:19.199 INFO: Epoch 173: head: Default, loss=3.71061435, RMSE_E_per_atom=  251.17 meV, RMSE_F=  615.64 meV / A
2026-02-17 23:16:08.389 INFO: Epoch 174: head: Default, loss=2.09767667, RMSE_E_per_atom=  253.79 meV, RMSE_F=  462.73 meV / A
2026-02-17 23:18:47.979 INFO: Epoch 175: head: Default, loss=1.74643774, RMSE_E_per_atom=  248.32 meV, RMSE_F=  422.75 meV / A
2026-02-17 23:21:29.697 INFO: Epoch 176: head: Default, loss=3.98265042, RMSE_E_per_atom=  250.24 meV, RMSE_F=  632.01 meV / A
2026-02-17 23:24:12.112 INFO: Epoch 177: head: Default, loss=1.62890983, RMSE_E_per_atom=  252.22 meV, RMSE_F=  407.54 meV / A
2026-02-17 23:27:01.758 INFO: Epoch 178: head: Default, loss=1.44857090, RMSE_E_per_atom=  253.67 meV, RMSE_F=  384.27 meV / A
2026-02-17 23:29:50.114 INFO: Epoch 179: head: Default, loss=1.72502642, RMSE_E_per_atom=  248.79 meV, RMSE_F=  425.99 meV / A
2026-02-17 23:32:40.576 INFO: Epoch 180: head: Default, loss=1.55522674, RMSE_E_per_atom=  252.95 meV, RMSE_F=  402.75 meV / A
2026-02-17 23:35:30.004 INFO: Epoch 181: head: Default, loss=1.60050770, RMSE_E_per_atom=  250.48 meV, RMSE_F=  409.33 meV / A
2026-02-17 23:38:15.776 INFO: Epoch 182: head: Default, loss=1.50915175, RMSE_E_per_atom=  249.88 meV, RMSE_F=  393.99 meV / A
2026-02-17 23:41:05.071 INFO: Epoch 183: head: Default, loss=2.40895301, RMSE_E_per_atom=  249.92 meV, RMSE_F=  495.76 meV / A
2026-02-17 23:43:52.979 INFO: Epoch 184: head: Default, loss=3.54531629, RMSE_E_per_atom=  248.70 meV, RMSE_F=  596.56 meV / A
2026-02-17 23:46:36.772 INFO: Epoch 185: head: Default, loss=1.81438677, RMSE_E_per_atom=  250.65 meV, RMSE_F=  436.30 meV / A
2026-02-17 23:49:20.040 INFO: Epoch 186: head: Default, loss=1.40748796, RMSE_E_per_atom=  252.28 meV, RMSE_F=  385.04 meV / A
2026-02-17 23:52:08.392 INFO: Epoch 187: head: Default, loss=1.50775702, RMSE_E_per_atom=  254.51 meV, RMSE_F=  398.57 meV / A
2026-02-17 23:54:43.127 INFO: Epoch 188: head: Default, loss=1.21655600, RMSE_E_per_atom=  248.01 meV, RMSE_F=  358.14 meV / A
2026-02-17 23:57:23.799 INFO: Epoch 189: head: Default, loss=1.40963116, RMSE_E_per_atom=  249.37 meV, RMSE_F=  384.02 meV / A
2026-02-18 00:00:03.168 INFO: Epoch 190: head: Default, loss=1.31853919, RMSE_E_per_atom=  247.45 meV, RMSE_F=  369.02 meV / A
2026-02-18 00:02:43.906 INFO: Epoch 191: head: Default, loss=1.37694889, RMSE_E_per_atom=  253.60 meV, RMSE_F=  380.23 meV / A
2026-02-18 00:05:25.631 INFO: Epoch 192: head: Default, loss=1.65608989, RMSE_E_per_atom=  249.66 meV, RMSE_F=  417.08 meV / A
2026-02-18 00:08:07.993 INFO: Epoch 193: head: Default, loss=1.43800223, RMSE_E_per_atom=  251.48 meV, RMSE_F=  385.42 meV / A
2026-02-18 00:10:49.658 INFO: Epoch 194: head: Default, loss=3.76700371, RMSE_E_per_atom=  248.33 meV, RMSE_F=  614.70 meV / A
2026-02-18 00:13:29.741 INFO: Epoch 195: head: Default, loss=2.22728008, RMSE_E_per_atom=  248.79 meV, RMSE_F=  473.49 meV / A
2026-02-18 00:16:11.164 INFO: Epoch 196: head: Default, loss=2.29308325, RMSE_E_per_atom=  252.52 meV, RMSE_F=  480.25 meV / A
2026-02-18 00:18:53.682 INFO: Epoch 197: head: Default, loss=1.60768922, RMSE_E_per_atom=  251.31 meV, RMSE_F=  410.01 meV / A
2026-02-18 00:21:33.184 INFO: Epoch 198: head: Default, loss=1.58583201, RMSE_E_per_atom=  250.11 meV, RMSE_F=  405.47 meV / A
2026-02-18 00:24:15.906 INFO: Epoch 199: head: Default, loss=1.37719026, RMSE_E_per_atom=  253.73 meV, RMSE_F=  377.89 meV / A
2026-02-18 00:24:15.907 INFO: Training complete
2026-02-18 00:24:15.907 INFO: 
2026-02-18 00:24:15.907 INFO: ===========RESULTS===========
2026-02-18 00:24:16.006 INFO: Loading checkpoint: ./checkpoints/cutoff_poly_over_rn_run-0_epoch-188.pt
2026-02-18 00:24:16.052 INFO: Loaded Stage one model from epoch 188 for evaluation
2026-02-18 00:24:16.052 INFO: Saving model to checkpoints/cutoff_poly_over_rn_run-0.model
2026-02-18 00:24:16.257 INFO: Compiling model, saving metadata to cutoff_poly_over_rn_compiled.model
2026-02-18 00:24:16.917 INFO: Computing metrics for training, validation, and test sets
2026-02-18 00:24:16.918 INFO: Skipping evaluation for heads: ['pt_head']
2026-02-18 00:24:16.918 INFO: Evaluating train_Default ...
2026-02-18 00:24:56.598 INFO: Evaluating valid_Default ...
2026-02-18 00:25:36.796 INFO: Error-table on TRAIN and VALID:
+---------------+---------------------+------------------+-------------------+
|  config_type  | RMSE E / meV / atom | RMSE F / meV / A | relative F RMSE % |
+---------------+---------------------+------------------+-------------------+
| train_Default |          248.0      |        358.1     |         23.35     |
| valid_Default |          248.0      |        358.1     |         23.35     |
+---------------+---------------------+------------------+-------------------+
2026-02-18 00:25:36.796 INFO: Evaluating Default_Default ...
2026-02-18 00:26:16.933 INFO: Error-table on TEST:
+-----------------+---------------------+------------------+-------------------+
|   config_type   | RMSE E / meV / atom | RMSE F / meV / A | relative F RMSE % |
+-----------------+---------------------+------------------+-------------------+
| Default_Default |          248.0      |        358.1     |         23.35     |
+-----------------+---------------------+------------------+-------------------+
2026-02-18 00:28:14.159 INFO: Done
[task 2] Done: cutoff_poly_over_rn
